2024-04-04T14:43:01.954+09:00  INFO 1864 --- [restartedMain] c.o.crud.configuration.Application       : Starting Application using Java 17.0.10 with PID 1864 (C:\dev\lecture_code\spring-boot\chap09-crud\build\classes\java\main started by hi in C:\dev\lecture_code\spring-boot\chap09-crud)
2024-04-04T14:43:01.956+09:00  INFO 1864 --- [restartedMain] c.o.crud.configuration.Application       : No active profile set, falling back to 1 default profile: "default"
2024-04-04T14:43:01.989+09:00  INFO 1864 --- [restartedMain] .e.DevToolsPropertyDefaultsPostProcessor : Devtools property defaults active! Set 'spring.devtools.add-properties' to 'false' to disable
2024-04-04T14:43:01.989+09:00  INFO 1864 --- [restartedMain] .e.DevToolsPropertyDefaultsPostProcessor : For additional web related logging consider setting the 'logging.level.web' property to 'DEBUG'
2024-04-04T14:43:02.767+09:00  INFO 1864 --- [restartedMain] o.s.b.w.embedded.tomcat.TomcatWebServer  : Tomcat initialized with port 8080 (http)
2024-04-04T14:43:02.775+09:00  INFO 1864 --- [restartedMain] o.apache.catalina.core.StandardService   : Starting service [Tomcat]
2024-04-04T14:43:02.775+09:00  INFO 1864 --- [restartedMain] o.apache.catalina.core.StandardEngine    : Starting Servlet engine: [Apache Tomcat/10.1.19]
2024-04-04T14:43:02.811+09:00  INFO 1864 --- [restartedMain] o.a.c.c.C.[Tomcat].[localhost].[/]       : Initializing Spring embedded WebApplicationContext
2024-04-04T14:43:02.811+09:00  INFO 1864 --- [restartedMain] w.s.c.ServletWebServerApplicationContext : Root WebApplicationContext: initialization completed in 822 ms
2024-04-04T14:43:03.033+09:00  INFO 1864 --- [restartedMain] o.s.b.a.w.s.WelcomePageHandlerMapping    : Adding welcome page: class path resource [static/index.html]
2024-04-04T14:43:03.236+09:00  INFO 1864 --- [restartedMain] o.s.b.d.a.OptionalLiveReloadServer       : LiveReload server is running on port 35729
2024-04-04T14:43:03.261+09:00  INFO 1864 --- [restartedMain] o.s.b.w.embedded.tomcat.TomcatWebServer  : Tomcat started on port 8080 (http) with context path ''
2024-04-04T14:43:03.267+09:00  INFO 1864 --- [restartedMain] c.o.crud.configuration.Application       : Started Application in 1.647 seconds (process running for 2.034)
2024-04-04T14:43:07.490+09:00  INFO 1864 --- [http-nio-8080-exec-1] o.a.c.c.C.[Tomcat].[localhost].[/]       : Initializing Spring DispatcherServlet 'dispatcherServlet'
2024-04-04T14:43:07.490+09:00  INFO 1864 --- [http-nio-8080-exec-1] o.s.web.servlet.DispatcherServlet        : Initializing Servlet 'dispatcherServlet'
2024-04-04T14:43:07.491+09:00  INFO 1864 --- [http-nio-8080-exec-1] o.s.web.servlet.DispatcherServlet        : Completed initialization in 0 ms
2024-04-04T14:43:07.649+09:00  WARN 1864 --- [http-nio-8080-exec-1] actStandardFragmentInsertionTagProcessor : [THYMELEAF][http-nio-8080-exec-1][menu/regist] Deprecated unwrapped fragment expression "common/header.html" found in template menu/regist, line 8, col 10. Please use the complete syntax of fragment expressions instead ("~{common/header.html}"). The old, unwrapped syntax for fragment expressions will be removed in future versions of Thymeleaf.
2024-04-04T14:43:07.666+09:00  INFO 1864 --- [http-nio-8080-exec-2] com.zaxxer.hikari.HikariDataSource       : HikariPool-1 - Starting...
2024-04-04T14:43:07.859+09:00  INFO 1864 --- [http-nio-8080-exec-2] com.zaxxer.hikari.pool.HikariPool        : HikariPool-1 - Added connection com.mysql.cj.jdbc.ConnectionImpl@5fe657bd
2024-04-04T14:43:07.860+09:00  INFO 1864 --- [http-nio-8080-exec-2] com.zaxxer.hikari.HikariDataSource       : HikariPool-1 - Start completed.
2024-04-04T14:43:10.830+09:00  INFO 1864 --- [http-nio-8080-exec-3] c.o.crud.menu.controller.MenuController  : menu : MenuDTO{menuCode=0, menuName='김치짜글이', menuPrice=10000, categoryCode=4, orderableStatus='Y'}
2024-04-04T14:43:10.831+09:00  WARN 1864 --- [http-nio-8080-exec-3] c.o.crud.menu.controller.MenuController  : menu : MenuDTO{menuCode=0, menuName='김치짜글이', menuPrice=10000, categoryCode=4, orderableStatus='Y'}
2024-04-04T14:43:10.832+09:00 ERROR 1864 --- [http-nio-8080-exec-3] c.o.crud.menu.controller.MenuController  : menu : MenuDTO{menuCode=0, menuName='김치짜글이', menuPrice=10000, categoryCode=4, orderableStatus='Y'}
2024-04-04T14:43:10.931+09:00  WARN 1864 --- [http-nio-8080-exec-4] o.t.s.p.StandardIncludeTagProcessor      : [THYMELEAF][http-nio-8080-exec-4][menu/list] Deprecated attribute {th:include,data-th-include} found in template menu/list, line 13, col 10. Please use {th:insert,data-th-insert} instead, this deprecated attribute will be removed in future versions of Thymeleaf.
2024-04-04T14:43:10.931+09:00  WARN 1864 --- [http-nio-8080-exec-4] actStandardFragmentInsertionTagProcessor : [THYMELEAF][http-nio-8080-exec-4][menu/list] Deprecated unwrapped fragment expression "common/header.html" found in template menu/list, line 13, col 10. Please use the complete syntax of fragment expressions instead ("~{common/header.html}"). The old, unwrapped syntax for fragment expressions will be removed in future versions of Thymeleaf.
2024-04-04T15:07:29.479+09:00  INFO 1864 --- [SpringApplicationShutdownHook] com.zaxxer.hikari.HikariDataSource       : HikariPool-1 - Shutdown initiated...
2024-04-04T15:07:29.485+09:00  INFO 1864 --- [SpringApplicationShutdownHook] com.zaxxer.hikari.HikariDataSource       : HikariPool-1 - Shutdown completed.
